# JRE version: OpenJDK Runtime Environment (8.0_202-b03) (build 1.8.0_202-release-1483-b03)
# Java VM: OpenJDK 64-Bit Server VM (25.202-b03 mixed mode windows-amd64 compressed oops)
Heap:
 PSYoungGen      total 387584K, used 153551K [0x00000000e0000000, 0x00000000ffc80000, 0x0000000100000000)
  eden space 278016K, 38% used [0x00000000e0000000,0x00000000e6963560,0x00000000f0f80000)
  from space 109568K, 41% used [0x00000000f0f80000,0x00000000f3c10790,0x00000000f7a80000)
  to   space 105472K, 0% used [0x00000000f9580000,0x00000000f9580000,0x00000000ffc80000)
 ParOldGen       total 245760K, used 75312K [0x00000000a0000000, 0x00000000af000000, 0x00000000e0000000)
  object space 245760K, 30% used [0x00000000a0000000,0x00000000a498c298,0x00000000af000000)
 Metaspace       used 108382K, capacity 113240K, committed 113496K, reserved 1148928K
  class space    used 13656K, capacity 14535K, committed 14720K, reserved 1048576K
GC Heap History (10 events):
Event: 1589.699 GC heap before
{Heap before GC invocations=26 (full 4):
 PSYoungGen      total 286720K, used 268059K [0x00000000e0000000, 0x00000000fab80000, 0x0000000100000000)
  eden space 190464K, 100% used [0x00000000e0000000,0x00000000eba00000,0x00000000eba00000)
  from space 96256K, 80% used [0x00000000eba00000,0x00000000f05c6c18,0x00000000f1800000)
  to   space 105984K, 0% used [0x00000000f4400000,0x00000000f4400000,0x00000000fab80000)
 ParOldGen       total 268288K, used 186123K [0x00000000a0000000, 0x00000000b0600000, 0x00000000e0000000)
  object space 268288K, 69% used [0x00000000a0000000,0x00000000ab5c2c08,0x00000000b0600000)
 Metaspace       used 105374K, capacity 109862K, committed 110168K, reserved 1144832K
  class space    used 13260K, capacity 14102K, committed 14208K, reserved 1048576K
Event: 1589.826 GC heap after
Heap after GC invocations=26 (full 4):
 PSYoungGen      total 325120K, used 75507K [0x00000000e0000000, 0x00000000fc100000, 0x0000000100000000)
  eden space 219136K, 0% used [0x00000000e0000000,0x00000000e0000000,0x00000000ed600000)
  from space 105984K, 71% used [0x00000000f4400000,0x00000000f8dbcf00,0x00000000fab80000)
  to   space 112640K, 0% used [0x00000000ed600000,0x00000000ed600000,0x00000000f4400000)
 ParOldGen       total 268288K, used 186131K [0x00000000a0000000, 0x00000000b0600000, 0x00000000e0000000)
  object space 268288K, 69% used [0x00000000a0000000,0x00000000ab5c4c08,0x00000000b0600000)
 Metaspace       used 105374K, capacity 109862K, committed 110168K, reserved 1144832K
  class space    used 13260K, capacity 14102K, committed 14208K, reserved 1048576K
}
Event: 1592.608 GC heap before
{Heap before GC invocations=27 (full 4):
 PSYoungGen      total 325120K, used 294643K [0x00000000e0000000, 0x00000000fc100000, 0x0000000100000000)
  eden space 219136K, 100% used [0x00000000e0000000,0x00000000ed600000,0x00000000ed600000)
  from space 105984K, 71% used [0x00000000f4400000,0x00000000f8dbcf00,0x00000000fab80000)
  to   space 112640K, 0% used [0x00000000ed600000,0x00000000ed600000,0x00000000f4400000)
 ParOldGen       total 268288K, used 186131K [0x00000000a0000000, 0x00000000b0600000, 0x00000000e0000000)
  object space 268288K, 69% used [0x00000000a0000000,0x00000000ab5c4c08,0x00000000b0600000)
 Metaspace       used 106187K, capacity 110890K, committed 111064K, reserved 1146880K
  class space    used 13362K, capacity 14222K, committed 14336K, reserved 1048576K
Event: 1592.944 GC heap after
Heap after GC invocations=27 (full 4):
 PSYoungGen      total 331776K, used 13813K [0x00000000e0000000, 0x00000000feb00000, 0x0000000100000000)
  eden space 219136K, 0% used [0x00000000e0000000,0x00000000e0000000,0x00000000ed600000)
  from space 112640K, 12% used [0x00000000ed600000,0x00000000ee37d5e8,0x00000000f4400000)
  to   space 110592K, 0% used [0x00000000f7f00000,0x00000000f7f00000,0x00000000feb00000)
 ParOldGen       total 268288K, used 242446K [0x00000000a0000000, 0x00000000b0600000, 0x00000000e0000000)
  object space 268288K, 90% used [0x00000000a0000000,0x00000000aecc38a8,0x00000000b0600000)
 Metaspace       used 106187K, capacity 110890K, committed 111064K, reserved 1146880K
  class space    used 13362K, capacity 14222K, committed 14336K, reserved 1048576K
}
Event: 1592.944 GC heap before
{Heap before GC invocations=28 (full 5):
 PSYoungGen      total 331776K, used 13813K [0x00000000e0000000, 0x00000000feb00000, 0x0000000100000000)
  eden space 219136K, 0% used [0x00000000e0000000,0x00000000e0000000,0x00000000ed600000)
  from space 112640K, 12% used [0x00000000ed600000,0x00000000ee37d5e8,0x00000000f4400000)
  to   space 110592K, 0% used [0x00000000f7f00000,0x00000000f7f00000,0x00000000feb00000)
 ParOldGen       total 268288K, used 242446K [0x00000000a0000000, 0x00000000b0600000, 0x00000000e0000000)
  object space 268288K, 90% used [0x00000000a0000000,0x00000000aecc38a8,0x00000000b0600000)
 Metaspace       used 106187K, capacity 110890K, committed 111064K, reserved 1146880K
  class space    used 13362K, capacity 14222K, committed 14336K, reserved 1048576K
Event: 1593.284 GC heap after
Heap after GC invocations=28 (full 5):
 PSYoungGen      total 331776K, used 0K [0x00000000e0000000, 0x00000000feb00000, 0x0000000100000000)
  eden space 219136K, 0% used [0x00000000e0000000,0x00000000e0000000,0x00000000ed600000)
  from space 112640K, 0% used [0x00000000ed600000,0x00000000ed600000,0x00000000f4400000)
  to   space 110592K, 0% used [0x00000000f7f00000,0x00000000f7f00000,0x00000000feb00000)
 ParOldGen       total 245760K, used 71328K [0x00000000a0000000, 0x00000000af000000, 0x00000000e0000000)
  object space 245760K, 29% used [0x00000000a0000000,0x00000000a45a8048,0x00000000af000000)
 Metaspace       used 106076K, capacity 110624K, committed 111064K, reserved 1146880K
  class space    used 13324K, capacity 14155K, committed 14336K, reserved 1048576K
}
Event: 1595.103 GC heap before
{Heap before GC invocations=29 (full 5):
 PSYoungGen      total 331776K, used 218932K [0x00000000e0000000, 0x00000000feb00000, 0x0000000100000000)
  eden space 219136K, 99% used [0x00000000e0000000,0x00000000ed5cd1a8,0x00000000ed600000)
  from space 112640K, 0% used [0x00000000ed600000,0x00000000ed600000,0x00000000f4400000)
  to   space 110592K, 0% used [0x00000000f7f00000,0x00000000f7f00000,0x00000000feb00000)
 ParOldGen       total 245760K, used 71328K [0x00000000a0000000, 0x00000000af000000, 0x00000000e0000000)
  object space 245760K, 29% used [0x00000000a0000000,0x00000000a45a8048,0x00000000af000000)
 Metaspace       used 106237K, capacity 110790K, committed 111320K, reserved 1146880K
  class space    used 13347K, capacity 14164K, committed 14336K, reserved 1048576K
Event: 1595.118 GC heap after
Heap after GC invocations=29 (full 5):
 PSYoungGen      total 382976K, used 4800K [0x00000000e0000000, 0x00000000fe580000, 0x0000000100000000)
  eden space 278016K, 0% used [0x00000000e0000000,0x00000000e0000000,0x00000000f0f80000)
  from space 104960K, 4% used [0x00000000f7f00000,0x00000000f83b0040,0x00000000fe580000)
  to   space 109568K, 0% used [0x00000000f0f80000,0x00000000f0f80000,0x00000000f7a80000)
 ParOldGen       total 245760K, used 71336K [0x00000000a0000000, 0x00000000af000000, 0x00000000e0000000)
  object space 245760K, 29% used [0x00000000a0000000,0x00000000a45aa048,0x00000000af000000)
 Metaspace       used 106237K, capacity 110790K, committed 111320K, reserved 1146880K
  class space    used 13347K, capacity 14164K, committed 14336K, reserved 1048576K
}
Event: 1604.501 GC heap before
{Heap before GC invocations=30 (full 5):
 PSYoungGen      total 382976K, used 282795K [0x00000000e0000000, 0x00000000fe580000, 0x0000000100000000)
  eden space 278016K, 99% used [0x00000000e0000000,0x00000000f0f7aeb0,0x00000000f0f80000)
  from space 104960K, 4% used [0x00000000f7f00000,0x00000000f83b0040,0x00000000fe580000)
  to   space 109568K, 0% used [0x00000000f0f80000,0x00000000f0f80000,0x00000000f7a80000)
 ParOldGen       total 245760K, used 71336K [0x00000000a0000000, 0x00000000af000000, 0x00000000e0000000)
  object space 245760K, 29% used [0x00000000a0000000,0x00000000a45aa048,0x00000000af000000)
 Metaspace       used 106965K, capacity 111630K, committed 111960K, reserved 1146880K
  class space    used 13418K, capacity 14268K, committed 14464K, reserved 1048576K
Event: 1604.578 GC heap after
Heap after GC invocations=30 (full 5):
 PSYoungGen      total 387584K, used 45633K [0x00000000e0000000, 0x00000000ffc80000, 0x0000000100000000)
  eden space 278016K, 0% used [0x00000000e0000000,0x00000000e0000000,0x00000000f0f80000)
  from space 109568K, 41% used [0x00000000f0f80000,0x00000000f3c10790,0x00000000f7a80000)
  to   space 105472K, 0% used [0x00000000f9580000,0x00000000f9580000,0x00000000ffc80000)
 ParOldGen       total 245760K, used 75312K [0x00000000a0000000, 0x00000000af000000, 0x00000000e0000000)
  object space 245760K, 30% used [0x00000000a0000000,0x00000000a498c298,0x00000000af000000)
 Metaspace       used 106965K, capacity 111630K, committed 111960K, reserved 1146880K
  class space    used 13418K, capacity 14268K, committed 14464K, reserved 1048576K
}

